{"C:\\Users\\wizza\\dev\\jupiter\\packages\\core\\modules\\CoreApi\\index.ts": {"path":"C:\\Users\\wizza\\dev\\jupiter\\packages\\core\\modules\\CoreApi\\index.ts","statementMap":{"0":{"start":{"line":1,"column":0},"end":{"line":1,"column":21}}},"fnMap":{},"branchMap":{},"s":{"0":1},"f":{},"b":{}}
,"C:\\Users\\wizza\\dev\\jupiter\\packages\\core\\modules\\CoreApi\\lib\\CoreApi.ts": {"path":"C:\\Users\\wizza\\dev\\jupiter\\packages\\core\\modules\\CoreApi\\lib\\CoreApi.ts","statementMap":{"0":{"start":{"line":1,"column":0},"end":{"line":1,"column":52}},"1":{"start":{"line":2,"column":0},"end":{"line":2,"column":58}},"2":{"start":{"line":6,"column":11},"end":{"line":6,"column":null}},"3":{"start":{"line":8,"column":2},"end":{"line":8,"column":26}},"4":{"start":{"line":9,"column":2},"end":{"line":9,"column":22}},"5":{"start":{"line":12,"column":4},"end":{"line":12,"column":null}},"6":{"start":{"line":13,"column":4},"end":{"line":13,"column":null}},"7":{"start":{"line":17,"column":22},"end":{"line":17,"column":81}},"8":{"start":{"line":18,"column":4},"end":{"line":18,"column":null}},"9":{"start":{"line":18,"column":20},"end":{"line":18,"column":null}},"10":{"start":{"line":19,"column":4},"end":{"line":19,"column":null}},"11":{"start":{"line":5,"column":0},"end":{"line":5,"column":13}}},"fnMap":{"0":{"name":"(anonymous_2)","decl":{"start":{"line":11,"column":2},"end":{"line":11,"column":14}},"loc":{"start":{"line":11,"column":35},"end":{"line":14,"column":3}}},"1":{"name":"(anonymous_3)","decl":{"start":{"line":16,"column":2},"end":{"line":16,"column":7}},"loc":{"start":{"line":16,"column":24},"end":{"line":20,"column":3}}}},"branchMap":{"0":{"loc":{"start":{"line":18,"column":4},"end":{"line":18,"column":null}},"type":"if","locations":[{"start":{"line":18,"column":4},"end":{"line":18,"column":null}},{"start":{},"end":{}}]}},"s":{"0":1,"1":1,"2":2,"3":2,"4":2,"5":2,"6":2,"7":2,"8":2,"9":1,"10":1,"11":1},"f":{"0":2,"1":2},"b":{"0":[1,1]}}
,"C:\\Users\\wizza\\dev\\jupiter\\packages\\core\\modules\\CoreApi\\lib\\index.ts": {"path":"C:\\Users\\wizza\\dev\\jupiter\\packages\\core\\modules\\CoreApi\\lib\\index.ts","statementMap":{"0":{"start":{"line":1,"column":0},"end":{"line":1,"column":25}}},"fnMap":{},"branchMap":{},"s":{"0":1},"f":{},"b":{}}
,"C:\\Users\\wizza\\dev\\jupiter\\packages\\core\\modules\\Renderer\\index.ts": {"path":"C:\\Users\\wizza\\dev\\jupiter\\packages\\core\\modules\\Renderer\\index.ts","statementMap":{"0":{"start":{"line":1,"column":0},"end":{"line":1,"column":9}},"1":{"start":{"line":1,"column":9},"end":{"line":1,"column":32}}},"fnMap":{"0":{"name":"(anonymous_0)","decl":{"start":{"line":1,"column":9},"end":{"line":1,"column":17}},"loc":{"start":{"line":1,"column":9},"end":{"line":1,"column":32}}}},"branchMap":{},"s":{"0":1,"1":3},"f":{"0":2},"b":{}}
,"C:\\Users\\wizza\\dev\\jupiter\\packages\\core\\modules\\Renderer\\lib\\Renderer.ts": {"path":"C:\\Users\\wizza\\dev\\jupiter\\packages\\core\\modules\\Renderer\\lib\\Renderer.ts","statementMap":{"0":{"start":{"line":13,"column":11},"end":{"line":13,"column":null}},"1":{"start":{"line":16,"column":4},"end":{"line":16,"column":null}},"2":{"start":{"line":17,"column":4},"end":{"line":17,"column":null}},"3":{"start":{"line":21,"column":4},"end":{"line":25,"column":5}},"4":{"start":{"line":22,"column":6},"end":{"line":24,"column":null}},"5":{"start":{"line":27,"column":19},"end":{"line":27,"column":46}},"6":{"start":{"line":29,"column":4},"end":{"line":33,"column":5}},"7":{"start":{"line":30,"column":6},"end":{"line":32,"column":null}},"8":{"start":{"line":35,"column":18},"end":{"line":35,"column":44}},"9":{"start":{"line":36,"column":4},"end":{"line":36,"column":null}},"10":{"start":{"line":12,"column":0},"end":{"line":12,"column":13}},"11":{"start":{"line":39,"column":17},"end":{"line":125,"column":null}},"12":{"start":{"line":40,"column":4},"end":{"line":42,"column":5}},"13":{"start":{"line":41,"column":6},"end":{"line":41,"column":null}},"14":{"start":{"line":44,"column":15},"end":{"line":44,"column":66}},"15":{"start":{"line":45,"column":4},"end":{"line":45,"column":null}},"16":{"start":{"line":45,"column":24},"end":{"line":45,"column":null}},"17":{"start":{"line":47,"column":4},"end":{"line":47,"column":null}},"18":{"start":{"line":48,"column":4},"end":{"line":48,"column":null}},"19":{"start":{"line":50,"column":4},"end":{"line":50,"column":null}},"20":{"start":{"line":54,"column":4},"end":{"line":54,"column":22}},"21":{"start":{"line":54,"column":16},"end":{"line":54,"column":22}},"22":{"start":{"line":56,"column":4},"end":{"line":58,"column":5}},"23":{"start":{"line":57,"column":6},"end":{"line":57,"column":null}},"24":{"start":{"line":62,"column":23},"end":{"line":62,"column":40}},"25":{"start":{"line":64,"column":4},"end":{"line":67,"column":5}},"26":{"start":{"line":65,"column":6},"end":{"line":65,"column":null}},"27":{"start":{"line":66,"column":6},"end":{"line":66,"column":12}},"28":{"start":{"line":69,"column":4},"end":{"line":77,"column":5}},"29":{"start":{"line":70,"column":22},"end":{"line":70,"column":46}},"30":{"start":{"line":72,"column":6},"end":{"line":74,"column":null}},"31":{"start":{"line":73,"column":8},"end":{"line":73,"column":null}},"32":{"start":{"line":76,"column":6},"end":{"line":76,"column":12}},"33":{"start":{"line":79,"column":4},"end":{"line":79,"column":null}},"34":{"start":{"line":83,"column":4},"end":{"line":83,"column":null}},"35":{"start":{"line":85,"column":4},"end":{"line":85,"column":36}},"36":{"start":{"line":85,"column":30},"end":{"line":85,"column":36}},"37":{"start":{"line":87,"column":4},"end":{"line":87,"column":null}},"38":{"start":{"line":88,"column":4},"end":{"line":88,"column":null}},"39":{"start":{"line":92,"column":4},"end":{"line":92,"column":25}},"40":{"start":{"line":92,"column":19},"end":{"line":92,"column":25}},"41":{"start":{"line":94,"column":4},"end":{"line":94,"column":null}},"42":{"start":{"line":96,"column":4},"end":{"line":98,"column":5}},"43":{"start":{"line":97,"column":6},"end":{"line":97,"column":null}},"44":{"start":{"line":102,"column":4},"end":{"line":105,"column":5}},"45":{"start":{"line":103,"column":6},"end":{"line":103,"column":null}},"46":{"start":{"line":104,"column":6},"end":{"line":104,"column":12}},"47":{"start":{"line":107,"column":4},"end":{"line":118,"column":5}},"48":{"start":{"line":108,"column":22},"end":{"line":108,"column":46}},"49":{"start":{"line":110,"column":23},"end":{"line":110,"column":83}},"50":{"start":{"line":111,"column":6},"end":{"line":111,"column":null}},"51":{"start":{"line":113,"column":6},"end":{"line":115,"column":null}},"52":{"start":{"line":114,"column":8},"end":{"line":114,"column":null}},"53":{"start":{"line":117,"column":6},"end":{"line":117,"column":12}},"54":{"start":{"line":120,"column":4},"end":{"line":120,"column":null}},"55":{"start":{"line":124,"column":4},"end":{"line":124,"column":null}}},"fnMap":{"0":{"name":"(anonymous_1)","decl":{"start":{"line":12,"column":0},"end":{"line":12,"column":13}},"loc":{"start":{"line":12,"column":0},"end":{"line":126,"column":1}}},"1":{"name":"(anonymous_2)","decl":{"start":{"line":15,"column":2},"end":{"line":15,"column":7}},"loc":{"start":{"line":15,"column":43},"end":{"line":18,"column":3}}},"2":{"name":"(anonymous_3)","decl":{"start":{"line":20,"column":2},"end":{"line":20,"column":8}},"loc":{"start":{"line":20,"column":21},"end":{"line":37,"column":3}}},"3":{"name":"_Renderer_createElement","decl":{"start":{"line":39,"column":17},"end":{"line":39,"column":34}},"loc":{"start":{"line":39,"column":34},"end":{"line":51,"column":3}}},"4":{"name":"_Renderer_setAttributes","decl":{"start":{"line":51,"column":3},"end":{"line":51,"column":null}},"loc":{"start":{"line":53,"column":63},"end":{"line":59,"column":3}}},"5":{"name":"_Renderer_applyAttribute","decl":{"start":{"line":59,"column":3},"end":{"line":59,"column":null}},"loc":{"start":{"line":61,"column":77},"end":{"line":80,"column":3}}},"6":{"name":"(anonymous_7)","decl":{"start":{"line":72,"column":36},"end":{"line":72,"column":39}},"loc":{"start":{"line":72,"column":41},"end":{"line":74,"column":7}}},"7":{"name":"_Renderer_bindReactivity","decl":{"start":{"line":80,"column":3},"end":{"line":80,"column":null}},"loc":{"start":{"line":82,"column":66},"end":{"line":89,"column":3}}},"8":{"name":"_Renderer_setChildren","decl":{"start":{"line":89,"column":3},"end":{"line":89,"column":null}},"loc":{"start":{"line":91,"column":67},"end":{"line":99,"column":3}}},"9":{"name":"_Renderer_applyChild","decl":{"start":{"line":99,"column":3},"end":{"line":99,"column":null}},"loc":{"start":{"line":101,"column":48},"end":{"line":121,"column":3}}},"10":{"name":"(anonymous_11)","decl":{"start":{"line":113,"column":36},"end":{"line":113,"column":39}},"loc":{"start":{"line":113,"column":41},"end":{"line":115,"column":7}}},"11":{"name":"_Renderer_isReactiveObject","decl":{"start":{"line":121,"column":3},"end":{"line":121,"column":null}},"loc":{"start":{"line":123,"column":32},"end":{"line":125,"column":3}}}},"branchMap":{"0":{"loc":{"start":{"line":21,"column":4},"end":{"line":25,"column":5}},"type":"if","locations":[{"start":{"line":21,"column":4},"end":{"line":25,"column":5}},{"start":{},"end":{}}]},"1":{"loc":{"start":{"line":29,"column":4},"end":{"line":33,"column":5}},"type":"if","locations":[{"start":{"line":29,"column":4},"end":{"line":33,"column":5}},{"start":{},"end":{}}]},"2":{"loc":{"start":{"line":40,"column":4},"end":{"line":42,"column":5}},"type":"if","locations":[{"start":{"line":40,"column":4},"end":{"line":42,"column":5}},{"start":{},"end":{}}]},"3":{"loc":{"start":{"line":44,"column":15},"end":{"line":44,"column":66}},"type":"binary-expr","locations":[{"start":{"line":44,"column":15},"end":{"line":44,"column":29}},{"start":{"line":44,"column":33},"end":{"line":44,"column":66}}]},"4":{"loc":{"start":{"line":45,"column":4},"end":{"line":45,"column":null}},"type":"if","locations":[{"start":{"line":45,"column":4},"end":{"line":45,"column":null}},{"start":{},"end":{}}]},"5":{"loc":{"start":{"line":54,"column":4},"end":{"line":54,"column":22}},"type":"if","locations":[{"start":{"line":54,"column":4},"end":{"line":54,"column":22}},{"start":{},"end":{}}]},"6":{"loc":{"start":{"line":64,"column":4},"end":{"line":67,"column":5}},"type":"if","locations":[{"start":{"line":64,"column":4},"end":{"line":67,"column":5}},{"start":{},"end":{}}]},"7":{"loc":{"start":{"line":64,"column":8},"end":{"line":64,"column":66}},"type":"binary-expr","locations":[{"start":{"line":64,"column":8},"end":{"line":64,"column":35}},{"start":{"line":64,"column":39},"end":{"line":64,"column":66}}]},"8":{"loc":{"start":{"line":69,"column":4},"end":{"line":77,"column":5}},"type":"if","locations":[{"start":{"line":69,"column":4},"end":{"line":77,"column":5}},{"start":{},"end":{}}]},"9":{"loc":{"start":{"line":85,"column":4},"end":{"line":85,"column":36}},"type":"if","locations":[{"start":{"line":85,"column":4},"end":{"line":85,"column":36}},{"start":{},"end":{}}]},"10":{"loc":{"start":{"line":92,"column":4},"end":{"line":92,"column":25}},"type":"if","locations":[{"start":{"line":92,"column":4},"end":{"line":92,"column":25}},{"start":{},"end":{}}]},"11":{"loc":{"start":{"line":102,"column":4},"end":{"line":105,"column":5}},"type":"if","locations":[{"start":{"line":102,"column":4},"end":{"line":105,"column":5}},{"start":{},"end":{}}]},"12":{"loc":{"start":{"line":107,"column":4},"end":{"line":118,"column":5}},"type":"if","locations":[{"start":{"line":107,"column":4},"end":{"line":118,"column":5}},{"start":{},"end":{}}]},"13":{"loc":{"start":{"line":124,"column":11},"end":{"line":124,"column":94}},"type":"binary-expr","locations":[{"start":{"line":124,"column":11},"end":{"line":124,"column":23}},{"start":{"line":124,"column":27},"end":{"line":124,"column":50}},{"start":{"line":124,"column":55},"end":{"line":124,"column":94}}]}},"s":{"0":2,"1":1,"2":1,"3":0,"4":0,"5":0,"6":0,"7":0,"8":0,"9":0,"10":1,"11":1,"12":2,"13":0,"14":2,"15":2,"16":2,"17":2,"18":2,"19":2,"20":2,"21":0,"22":2,"23":2,"24":2,"25":2,"26":0,"27":0,"28":2,"29":0,"30":0,"31":0,"32":0,"33":2,"34":0,"35":0,"36":0,"37":0,"38":0,"39":2,"40":0,"41":2,"42":2,"43":3,"44":3,"45":2,"46":2,"47":1,"48":0,"49":0,"50":0,"51":0,"52":0,"53":0,"54":1,"55":3},"f":{"0":2,"1":1,"2":0,"3":2,"4":2,"5":2,"6":0,"7":0,"8":2,"9":3,"10":0,"11":3},"b":{"0":[0,0],"1":[0,0],"2":[0,2],"3":[2,2],"4":[2,0],"5":[0,2],"6":[0,2],"7":[2,0],"8":[0,2],"9":[0,0],"10":[0,2],"11":[2,1],"12":[0,1],"13":[3,3,1]}}
,"C:\\Users\\wizza\\dev\\jupiter\\packages\\core\\modules\\Renderer\\lib\\index.ts": {"path":"C:\\Users\\wizza\\dev\\jupiter\\packages\\core\\modules\\Renderer\\lib\\index.ts","statementMap":{"0":{"start":{"line":1,"column":0},"end":{"line":1,"column":26}}},"fnMap":{},"branchMap":{},"s":{"0":1},"f":{},"b":{}}
,"C:\\Users\\wizza\\dev\\jupiter\\packages\\core\\modules\\VirtualDOM\\index.ts": {"path":"C:\\Users\\wizza\\dev\\jupiter\\packages\\core\\modules\\VirtualDOM\\index.ts","statementMap":{"0":{"start":{"line":1,"column":0},"end":{"line":1,"column":9}},"1":{"start":{"line":1,"column":9},"end":{"line":1,"column":38}},"2":{"start":{"line":2,"column":0},"end":{"line":2,"column":9}},"3":{"start":{"line":2,"column":9},"end":{"line":2,"column":34}}},"fnMap":{"0":{"name":"(anonymous_0)","decl":{"start":{"line":1,"column":9},"end":{"line":1,"column":19}},"loc":{"start":{"line":1,"column":9},"end":{"line":1,"column":38}}},"1":{"name":"(anonymous_1)","decl":{"start":{"line":2,"column":9},"end":{"line":2,"column":19}},"loc":{"start":{"line":2,"column":9},"end":{"line":2,"column":34}}}},"branchMap":{},"s":{"0":1,"1":1,"2":1,"3":3},"f":{"0":0,"1":2},"b":{}}
,"C:\\Users\\wizza\\dev\\jupiter\\packages\\core\\modules\\VirtualDOM\\helpers\\createNode.ts": {"path":"C:\\Users\\wizza\\dev\\jupiter\\packages\\core\\modules\\VirtualDOM\\helpers\\createNode.ts","statementMap":{"0":{"start":{"line":3,"column":0},"end":{"line":3,"column":16}},"1":{"start":{"line":9,"column":2},"end":{"line":14,"column":null}}},"fnMap":{"0":{"name":"createNode","decl":{"start":{"line":3,"column":16},"end":{"line":3,"column":26}},"loc":{"start":{"line":7,"column":26},"end":{"line":15,"column":1}}}},"branchMap":{},"s":{"0":1,"1":0},"f":{"0":0},"b":{}}
,"C:\\Users\\wizza\\dev\\jupiter\\packages\\core\\modules\\VirtualDOM\\helpers\\index.ts": {"path":"C:\\Users\\wizza\\dev\\jupiter\\packages\\core\\modules\\VirtualDOM\\helpers\\index.ts","statementMap":{"0":{"start":{"line":1,"column":0},"end":{"line":1,"column":28}}},"fnMap":{},"branchMap":{},"s":{"0":1},"f":{},"b":{}}
,"C:\\Users\\wizza\\dev\\jupiter\\packages\\core\\modules\\VirtualDOM\\lib\\VirtualDOM.ts": {"path":"C:\\Users\\wizza\\dev\\jupiter\\packages\\core\\modules\\VirtualDOM\\lib\\VirtualDOM.ts","statementMap":{"0":{"start":{"line":5,"column":11},"end":{"line":5,"column":null}},"1":{"start":{"line":6,"column":2},"end":{"line":6,"column":14}},"2":{"start":{"line":9,"column":4},"end":{"line":9,"column":null}},"3":{"start":{"line":13,"column":4},"end":{"line":13,"column":null}},"4":{"start":{"line":4,"column":0},"end":{"line":4,"column":13}}},"fnMap":{"0":{"name":"(anonymous_2)","decl":{"start":{"line":8,"column":2},"end":{"line":8,"column":14}},"loc":{"start":{"line":8,"column":32},"end":{"line":10,"column":3}}},"1":{"name":"(anonymous_3)","decl":{"start":{"line":12,"column":2},"end":{"line":12,"column":6}},"loc":{"start":{"line":12,"column":10},"end":{"line":14,"column":3}}}},"branchMap":{},"s":{"0":3,"1":3,"2":3,"3":1,"4":2},"f":{"0":3,"1":1},"b":{}}
,"C:\\Users\\wizza\\dev\\jupiter\\packages\\core\\modules\\VirtualDOM\\lib\\index.ts": {"path":"C:\\Users\\wizza\\dev\\jupiter\\packages\\core\\modules\\VirtualDOM\\lib\\index.ts","statementMap":{"0":{"start":{"line":1,"column":0},"end":{"line":1,"column":28}}},"fnMap":{},"branchMap":{},"s":{"0":2},"f":{},"b":{}}
}
