TN:
SF:packages\core\modules\CoreApi\index.ts
FNF:0
FNH:0
DA:1,1
LF:1
LH:1
BRF:0
BRH:0
end_of_record
TN:
SF:packages\core\modules\CoreApi\lib\CoreApi.ts
FN:11,(anonymous_2)
FN:16,(anonymous_3)
FNF:2
FNH:2
FNDA:2,(anonymous_2)
FNDA:2,(anonymous_3)
DA:1,1
DA:2,1
DA:5,1
DA:6,2
DA:8,2
DA:9,2
DA:12,2
DA:13,2
DA:17,2
DA:18,2
DA:19,1
LF:11
LH:11
BRDA:18,0,0,1
BRDA:18,0,1,1
BRF:2
BRH:2
end_of_record
TN:
SF:packages\core\modules\CoreApi\lib\index.ts
FNF:0
FNH:0
DA:1,1
LF:1
LH:1
BRF:0
BRH:0
end_of_record
TN:
SF:packages\core\modules\Renderer\index.ts
FN:1,(anonymous_0)
FNF:1
FNH:1
FNDA:2,(anonymous_0)
DA:1,3
LF:1
LH:1
BRF:0
BRH:0
end_of_record
TN:
SF:packages\core\modules\Renderer\lib\Renderer.ts
FN:12,(anonymous_1)
FN:15,(anonymous_2)
FN:20,(anonymous_3)
FN:39,_Renderer_createElement
FN:51,_Renderer_setAttributes
FN:59,_Renderer_applyAttribute
FN:72,(anonymous_7)
FN:80,_Renderer_bindReactivity
FN:89,_Renderer_setChildren
FN:99,_Renderer_applyChild
FN:113,(anonymous_11)
FN:121,_Renderer_isReactiveObject
FNF:12
FNH:8
FNDA:2,(anonymous_1)
FNDA:1,(anonymous_2)
FNDA:0,(anonymous_3)
FNDA:2,_Renderer_createElement
FNDA:2,_Renderer_setAttributes
FNDA:2,_Renderer_applyAttribute
FNDA:0,(anonymous_7)
FNDA:0,_Renderer_bindReactivity
FNDA:2,_Renderer_setChildren
FNDA:3,_Renderer_applyChild
FNDA:0,(anonymous_11)
FNDA:3,_Renderer_isReactiveObject
DA:12,1
DA:13,2
DA:16,1
DA:17,1
DA:21,0
DA:22,0
DA:27,0
DA:29,0
DA:30,0
DA:35,0
DA:36,0
DA:39,1
DA:40,2
DA:41,0
DA:44,2
DA:45,2
DA:47,2
DA:48,2
DA:50,2
DA:54,2
DA:56,2
DA:57,2
DA:62,2
DA:64,2
DA:65,0
DA:66,0
DA:69,2
DA:70,0
DA:72,0
DA:73,0
DA:76,0
DA:79,2
DA:83,0
DA:85,0
DA:87,0
DA:88,0
DA:92,2
DA:94,2
DA:96,2
DA:97,3
DA:102,3
DA:103,2
DA:104,2
DA:107,1
DA:108,0
DA:110,0
DA:111,0
DA:113,0
DA:114,0
DA:117,0
DA:120,1
DA:124,3
LF:52
LH:28
BRDA:21,0,0,0
BRDA:21,0,1,0
BRDA:29,1,0,0
BRDA:29,1,1,0
BRDA:40,2,0,0
BRDA:40,2,1,2
BRDA:44,3,0,2
BRDA:44,3,1,2
BRDA:45,4,0,2
BRDA:45,4,1,0
BRDA:54,5,0,0
BRDA:54,5,1,2
BRDA:64,6,0,0
BRDA:64,6,1,2
BRDA:64,7,0,2
BRDA:64,7,1,0
BRDA:69,8,0,0
BRDA:69,8,1,2
BRDA:85,9,0,0
BRDA:85,9,1,0
BRDA:92,10,0,0
BRDA:92,10,1,2
BRDA:102,11,0,2
BRDA:102,11,1,1
BRDA:107,12,0,0
BRDA:107,12,1,1
BRDA:124,13,0,3
BRDA:124,13,1,3
BRDA:124,13,2,1
BRF:29
BRH:15
end_of_record
TN:
SF:packages\core\modules\Renderer\lib\index.ts
FNF:0
FNH:0
DA:1,1
LF:1
LH:1
BRF:0
BRH:0
end_of_record
TN:
SF:packages\core\modules\VirtualDOM\index.ts
FN:1,(anonymous_0)
FN:2,(anonymous_1)
FNF:2
FNH:1
FNDA:0,(anonymous_0)
FNDA:2,(anonymous_1)
DA:1,1
DA:2,3
LF:2
LH:2
BRF:0
BRH:0
end_of_record
TN:
SF:packages\core\modules\VirtualDOM\helpers\createNode.ts
FN:3,createNode
FNF:1
FNH:0
FNDA:0,createNode
DA:3,1
DA:9,0
LF:2
LH:1
BRF:0
BRH:0
end_of_record
TN:
SF:packages\core\modules\VirtualDOM\helpers\index.ts
FNF:0
FNH:0
DA:1,1
LF:1
LH:1
BRF:0
BRH:0
end_of_record
TN:
SF:packages\core\modules\VirtualDOM\lib\VirtualDOM.ts
FN:8,(anonymous_2)
FN:12,(anonymous_3)
FNF:2
FNH:2
FNDA:3,(anonymous_2)
FNDA:1,(anonymous_3)
DA:4,2
DA:5,3
DA:6,3
DA:9,3
DA:13,1
LF:5
LH:5
BRF:0
BRH:0
end_of_record
TN:
SF:packages\core\modules\VirtualDOM\lib\index.ts
FNF:0
FNH:0
DA:1,2
LF:1
LH:1
BRF:0
BRH:0
end_of_record
